Arguments: 
  /usr/local/bin/node /usr/local/Cellar/yarn/1.19.2/libexec/bin/yarn.js add asxios

PATH: 
  /Users/raphtalia/.rvm/gems/ruby-2.6.3/bin:/Users/raphtalia/.rvm/gems/ruby-2.6.3@global/bin:/Users/raphtalia/.rvm/rubies/ruby-2.6.3/bin:/usr/local/opt/postgresql@11/bin:/usr/local/opt/postgresql@11/bin:/usr/local/opt/ruby/bin:/Users/raphtalia/.pyenv/shims:/usr/local/sbin:/Users/raphtalia/.rbenv/shims:/Library/Frameworks/Python.framework/Versions/3.6/bin:/usr/local/bin:/usr/bin:/bin:/usr/sbin:/sbin:/usr/local/share/dotnet:~/.dotnet/tools:/Users/raphtalia/.rvm/gems/ruby-2.6.3/bin:/Users/raphtalia/.rvm/gems/ruby-2.6.3@global/bin:/Users/raphtalia/.rvm/rubies/ruby-2.6.3/bin:/usr/local/opt/postgresql@11/bin:/usr/local/opt/ruby/bin:/Users/raphtalia/.pyenv/shims:/usr/local/sbin:/Users/raphtalia/.rbenv/shims:/Library/Frameworks/Python.framework/Versions/3.6/bin:/Users/raphtalia/.rvm/bin:/Users/raphtalia/.rvm/bin

Yarn version: 
  1.19.2

Node version: 
  13.0.1

Platform: 
  darwin x64

Trace: 
  Error: https://registry.yarnpkg.com/asxios: Not found
      at Request.params.callback [as _callback] (/usr/local/Cellar/yarn/1.19.2/libexec/lib/cli.js:66927:18)
      at Request.self.callback (/usr/local/Cellar/yarn/1.19.2/libexec/lib/cli.js:140586:22)
      at Request.emit (events.js:210:5)
      at Request.<anonymous> (/usr/local/Cellar/yarn/1.19.2/libexec/lib/cli.js:141558:10)
      at Request.emit (events.js:210:5)
      at IncomingMessage.<anonymous> (/usr/local/Cellar/yarn/1.19.2/libexec/lib/cli.js:141480:12)
      at Object.onceWrapper (events.js:299:28)
      at IncomingMessage.emit (events.js:215:7)
      at endReadableNT (_stream_readable.js:1198:12)
      at processTicksAndRejections (internal/process/task_queues.js:80:21)

npm manifest: 
  {
      "name": "manga-reader-services",
      "main": "index.js",
      "scripts": {
          "docker:start": "docker start manga-reader-mongo",
          "stat:cron": "babel-node src/cron.js",
          "dev": "babel-node src/index.js",
          "watch": "babel-watch src/index.js"
      },
      "devDependencies": {
          "@babel/core": "*",
          "@babel/node": "*",
          "@babel/preset-env": "*",
          "babel-watch": "*"
      },
      "dependencies": {
          "apollo-server": "*",
          "apollo-server-express": "*",
          "babel-plugin-module-resolver": "4.0.0",
          "body-parser": "1.19.0",
          "dotenv": "*",
          "express": "4.17.1",
          "graphql": "14.6.0",
          "graphql-tools": "*",
          "mongoose": "*",
          "node-cron": "2.0.3"
      }
  }

yarn manifest: 
  No manifest

Lockfile: 
  No lockfile
